[debug] [2024-02-14T05:51:08.121Z] ----------------------------------------------------------------------
[debug] [2024-02-14T05:51:08.124Z] Command:       C:\Program Files\nodejs\node.exe C:\Users\venka\AppData\Roaming\npm\node_modules\firebase-tools\lib\bin\firebase.js init
[debug] [2024-02-14T05:51:08.124Z] CLI Version:   13.1.0
[debug] [2024-02-14T05:51:08.124Z] Platform:      win32
[debug] [2024-02-14T05:51:08.124Z] Node Version:  v20.11.0
[debug] [2024-02-14T05:51:08.125Z] Time:          Wed Feb 14 2024 11:21:08 GMT+0530 (India Standard Time)
[debug] [2024-02-14T05:51:08.125Z] ----------------------------------------------------------------------
[debug] 
[debug] [2024-02-14T05:51:08.182Z] > command requires scopes: ["email","openid","https://www.googleapis.com/auth/cloudplatformprojects.readonly","https://www.googleapis.com/auth/firebase","https://www.googleapis.com/auth/cloud-platform"]
[debug] [2024-02-14T05:51:08.183Z] > authorizing via signed-in user (22pa1a05a2@vishnu.edu.in)
[info] 
     ######## #### ########  ######## ########     ###     ######  ########
     ##        ##  ##     ## ##       ##     ##  ##   ##  ##       ##
     ######    ##  ########  ######   ########  #########  ######  ######
     ##        ##  ##    ##  ##       ##     ## ##     ##       ## ##
     ##       #### ##     ## ######## ########  ##     ##  ######  ########

You're about to initialize a Firebase project in this directory:

  C:\Users\venka\OneDrive\Documents\GDSC_TEAM\gdsc-register

Before we get started, keep in mind:

  * You are initializing within an existing Firebase project directory

[info] 
=== Project Setup
[info] 
[info] First, let's associate this project directory with a Firebase project.
[info] You can create multiple project aliases by running firebase use --add, 
[info] but for now we'll just set up a default project.
[info] 
[debug] [2024-02-14T05:51:14.211Z] Using project from CLI flag: init-to-winit
[debug] [2024-02-14T05:51:14.212Z] >>> [apiv2][query] GET https://firebase.googleapis.com/v1beta1/projects/init-to-winit [none]
[debug] [2024-02-14T05:51:14.995Z] <<< [apiv2][status] GET https://firebase.googleapis.com/v1beta1/projects/init-to-winit 200
[debug] [2024-02-14T05:51:14.995Z] <<< [apiv2][body] GET https://firebase.googleapis.com/v1beta1/projects/init-to-winit {"projectId":"init-to-winit","projectNumber":"945273943083","displayName":"init-to-winit","name":"projects/init-to-winit","resources":{"hostingSite":"init-to-winit","realtimeDatabaseInstance":"init-to-winit-default-rtdb","storageBucket":"init-to-winit.appspot.com","locationId":"asia-south1"},"state":"ACTIVE","etag":"1_68bd74ec-972b-4b55-899b-6d6d0995779a"}
[info] i  Using project init-to-winit (init-to-winit) 
[info] 
=== Hosting Setup
[debug] [2024-02-14T05:51:14.999Z] >>> [apiv2][query] GET https://firebase.googleapis.com/v1beta1/projects/init-to-winit [none]
[debug] [2024-02-14T05:51:15.663Z] <<< [apiv2][status] GET https://firebase.googleapis.com/v1beta1/projects/init-to-winit 200
[debug] [2024-02-14T05:51:15.663Z] <<< [apiv2][body] GET https://firebase.googleapis.com/v1beta1/projects/init-to-winit {"projectId":"init-to-winit","projectNumber":"945273943083","displayName":"init-to-winit","name":"projects/init-to-winit","resources":{"hostingSite":"init-to-winit","realtimeDatabaseInstance":"init-to-winit-default-rtdb","storageBucket":"init-to-winit.appspot.com","locationId":"asia-south1"},"state":"ACTIVE","etag":"1_68bd74ec-972b-4b55-899b-6d6d0995779a"}
[info] 
[info] Your public directory is the folder (relative to your project directory) that
[info] will contain Hosting assets to be uploaded with firebase deploy. If you
[info] have a build process for your assets, use your build's output directory.
[info] 
[debug] [2024-02-14T05:51:21.646Z] >>> [apiv2][query] GET https://www.gstatic.com/firebasejs/releases.json [none]
[debug] [2024-02-14T05:51:25.971Z] <<< [apiv2][status] GET https://www.gstatic.com/firebasejs/releases.json 200
[debug] [2024-02-14T05:51:25.971Z] <<< [apiv2][body] GET https://www.gstatic.com/firebasejs/releases.json {"current":{"version":"10.8.0","browserURL":"https://www.gstatic.com/firebasejs/10.8.0/firebase.js","packageURL":"https://www.gstatic.com/firebasejs/10.8.0/firebase.tgz"},"live":{"version":"10.8","browserURL":"https://www.gstatic.com/firebasejs/live/10.8/firebase.js","packageURL":"https://www.gstatic.com/firebasejs/live/10.8/firebase.tgz"},"components":{"analytics":"https://www.gstatic.com/firebasejs/10.8.0/firebase-analytics.js","app":"https://www.gstatic.com/firebasejs/10.8.0/firebase-app.js","app-check":"https://www.gstatic.com/firebasejs/10.8.0/firebase-app-check.js","auth":"https://www.gstatic.com/firebasejs/10.8.0/firebase-auth.js","auth/cordova":"https://www.gstatic.com/firebasejs/10.8.0/firebase-auth/cordova.js","auth/web-extension":"https://www.gstatic.com/firebasejs/10.8.0/firebase-auth/web-extension.js","functions":"https://www.gstatic.com/firebasejs/10.8.0/firebase-functions.js","firestore":"https://www.gstatic.com/firebasejs/10.8.0/firebase-firestore.js","firestore/lite":"https://www.gstatic.com/firebasejs/10.8.0/firebase-firestore/lite.js","installations":"https://www.gstatic.com/firebasejs/10.8.0/firebase-installations.js","storage":"https://www.gstatic.com/firebasejs/10.8.0/firebase-storage.js","performance":"https://www.gstatic.com/firebasejs/10.8.0/firebase-performance.js","remote-config":"https://www.gstatic.com/firebasejs/10.8.0/firebase-remote-config.js","messaging":"https://www.gstatic.com/firebasejs/10.8.0/firebase-messaging.js","messaging/sw":"https://www.gstatic.com/firebasejs/10.8.0/firebase-messaging/sw.js","database":"https://www.gstatic.com/firebasejs/10.8.0/firebase-database.js","firestore.memory":"https://www.gstatic.com/firebasejs/10.8.0/firebase-firestore.memory.js"}}
[info] +  Wrote public/index.html 
[info] 
[info] i  Writing configuration info to firebase.json... 
[info] i  Writing project information to .firebaserc... 
[info] 
[info] +  Firebase initialization complete! 
[debug] [2024-02-14T05:51:37.638Z] Error: Timed out.
    at Timeout._onTimeout (C:\Users\venka\AppData\Roaming\npm\node_modules\firebase-tools\lib\utils.js:258:49)
    at listOnTimeout (node:internal/timers:573:17)
    at process.processTimers (node:internal/timers:514:7)
[error] 
[error] Error: An unexpected error has occurred.
[debug] [2024-02-14T05:51:44.802Z] ----------------------------------------------------------------------
[debug] [2024-02-14T05:51:44.803Z] Command:       C:\Program Files\nodejs\node.exe C:\Users\venka\AppData\Roaming\npm\node_modules\firebase-tools\lib\bin\firebase.js deploy
[debug] [2024-02-14T05:51:44.804Z] CLI Version:   13.1.0
[debug] [2024-02-14T05:51:44.804Z] Platform:      win32
[debug] [2024-02-14T05:51:44.804Z] Node Version:  v20.11.0
[debug] [2024-02-14T05:51:44.804Z] Time:          Wed Feb 14 2024 11:21:44 GMT+0530 (India Standard Time)
[debug] [2024-02-14T05:51:44.804Z] ----------------------------------------------------------------------
[debug] 
[debug] [2024-02-14T05:51:44.863Z] > command requires scopes: ["email","openid","https://www.googleapis.com/auth/cloudplatformprojects.readonly","https://www.googleapis.com/auth/firebase","https://www.googleapis.com/auth/cloud-platform"]
[debug] [2024-02-14T05:51:44.864Z] > authorizing via signed-in user (22pa1a05a2@vishnu.edu.in)
[debug] [2024-02-14T05:51:44.864Z] [iam] checking project init-to-winit for permissions ["firebase.projects.get","firebasehosting.sites.update"]
[debug] [2024-02-14T05:51:44.865Z] >>> [apiv2][query] POST https://cloudresourcemanager.googleapis.com/v1/projects/init-to-winit:testIamPermissions [none]
[debug] [2024-02-14T05:51:44.865Z] >>> [apiv2][(partial)header] POST https://cloudresourcemanager.googleapis.com/v1/projects/init-to-winit:testIamPermissions x-goog-quota-user=projects/init-to-winit
[debug] [2024-02-14T05:51:44.866Z] >>> [apiv2][body] POST https://cloudresourcemanager.googleapis.com/v1/projects/init-to-winit:testIamPermissions {"permissions":["firebase.projects.get","firebasehosting.sites.update"]}
[debug] [2024-02-14T05:52:19.019Z] *** [apiv2] error from fetch(https://cloudresourcemanager.googleapis.com/v1/projects/init-to-winit:testIamPermissions, {"headers":{},"method":"POST","body":"{\"permissions\":[\"firebase.projects.get\",\"firebasehosting.sites.update\"]}"}): FetchError: request to https://cloudresourcemanager.googleapis.com/v1/projects/init-to-winit:testIamPermissions failed, reason: socket hang up
[debug] [2024-02-14T05:52:19.020Z] [iam] error while checking permissions, command may fail: FirebaseError: Failed to make request to https://cloudresourcemanager.googleapis.com/v1/projects/init-to-winit:testIamPermissions
[debug] [2024-02-14T05:52:19.021Z] >>> [apiv2][query] GET https://firebase.googleapis.com/v1beta1/projects/init-to-winit [none]
[debug] [2024-02-14T05:52:25.052Z] <<< [apiv2][status] GET https://firebase.googleapis.com/v1beta1/projects/init-to-winit 200
[debug] [2024-02-14T05:52:25.052Z] <<< [apiv2][body] GET https://firebase.googleapis.com/v1beta1/projects/init-to-winit {"projectId":"init-to-winit","projectNumber":"945273943083","displayName":"init-to-winit","name":"projects/init-to-winit","resources":{"hostingSite":"init-to-winit","realtimeDatabaseInstance":"init-to-winit-default-rtdb","storageBucket":"init-to-winit.appspot.com","locationId":"asia-south1"},"state":"ACTIVE","etag":"1_68bd74ec-972b-4b55-899b-6d6d0995779a"}
[info] 
[info] === Deploying to 'init-to-winit'...
[info] 
[info] i  deploying hosting 
[debug] [2024-02-14T05:52:25.062Z] >>> [apiv2][query] POST https://firebasehosting.googleapis.com/v1beta1/projects/-/sites/init-to-winit/versions [none]
[debug] [2024-02-14T05:52:25.062Z] >>> [apiv2][body] POST https://firebasehosting.googleapis.com/v1beta1/projects/-/sites/init-to-winit/versions {"status":"CREATED","labels":{"deployment-tool":"cli-firebase"}}
[debug] [2024-02-14T05:52:29.162Z] <<< [apiv2][status] POST https://firebasehosting.googleapis.com/v1beta1/projects/-/sites/init-to-winit/versions 200
[debug] [2024-02-14T05:52:29.162Z] <<< [apiv2][body] POST https://firebasehosting.googleapis.com/v1beta1/projects/-/sites/init-to-winit/versions {"name":"projects/945273943083/sites/init-to-winit/versions/f65ae0f5c6087c95","status":"CREATED","config":{},"labels":{"deployment-tool":"cli-firebase"}}
[info] i  hosting[init-to-winit]: beginning deploy... 
[info] i  hosting[init-to-winit]: found 7 files in public 
[debug] [2024-02-14T05:52:29.178Z] [hosting] uploading with 200 concurrency
[debug] [2024-02-14T05:52:29.192Z] [hosting] hash cache [cHVibGlj] stored for 7 files
[debug] [2024-02-14T05:52:29.193Z] [hosting][hash queue][FINAL] {"max":7,"min":1,"avg":1.8571428571428572,"active":0,"complete":7,"success":7,"errored":0,"retried":0,"total":7,"elapsed":11}
[debug] [2024-02-14T05:52:29.193Z] >>> [apiv2][query] POST https://firebasehosting.googleapis.com/v1beta1/projects/945273943083/sites/init-to-winit/versions/f65ae0f5c6087c95:populateFiles [none]
[debug] [2024-02-14T05:52:29.193Z] >>> [apiv2][body] POST https://firebasehosting.googleapis.com/v1beta1/projects/945273943083/sites/init-to-winit/versions/f65ae0f5c6087c95:populateFiles {"files":{"/404.html":"0c6f203b0eff36e57c22a5c91b5fbe0226542db3c3914db77d3e2c71bd7707eb","/favicon.ico":"27edce7be5922cf0bef7d4136f69b5bfbdd5bf8c13c7b026f71187d41a00aa7d","/logo192.png":"79e2b749561016bc8af300ea19f48347ceed3cb1a54f48ae456172eca45e08f0","/logo512.png":"212b102aa09e51b3b3e06647e81f7801a61333e171f6582e8124379aabccb41d","/manifest.json":"ee04fb47e525c67d8424ffe9b4d8a8a24e434504478afca4e0ca602146836d4c","/robots.txt":"bfe106a3fb878dc83461c86818bf74fc1bdc7f28538ba613cd3e775516ce8b49","/index.html":"305c558e21fae98673bfd8e597dc90112d166820195a3d21be9ac6df42c0b761"}}
[debug] [2024-02-14T05:52:32.203Z] <<< [apiv2][status] POST https://firebasehosting.googleapis.com/v1beta1/projects/945273943083/sites/init-to-winit/versions/f65ae0f5c6087c95:populateFiles 200
[debug] [2024-02-14T05:52:32.203Z] <<< [apiv2][body] POST https://firebasehosting.googleapis.com/v1beta1/projects/945273943083/sites/init-to-winit/versions/f65ae0f5c6087c95:populateFiles {"uploadUrl":"https://upload-firebasehosting.googleapis.com/upload/sites/init-to-winit/versions/f65ae0f5c6087c95/files"}
[debug] [2024-02-14T05:52:32.203Z] [hosting][populate queue][FINAL] {"max":3013,"min":3013,"avg":3013,"active":0,"complete":1,"success":1,"errored":0,"retried":0,"total":1,"elapsed":3013}
[debug] [2024-02-14T05:52:32.203Z] [hosting] uploads queued: 0
[debug] [2024-02-14T05:52:32.204Z] [hosting][upload queue][FINAL] {"max":0,"min":9999999999,"avg":0,"active":0,"complete":0,"success":0,"errored":0,"retried":0,"total":0,"elapsed":1707889952204}
[info] +  hosting[init-to-winit]: file upload complete 
[debug] [2024-02-14T05:52:32.205Z] [hosting] deploy completed after 3040ms
[debug] [2024-02-14T05:52:32.205Z] [
  {
    "config": {
      "public": "public",
      "ignore": [
        "firebase.json",
        "**/.*",
        "**/node_modules/**"
      ],
      "rewrites": [
        {
          "source": "**",
          "destination": "/index.html"
        }
      ],
      "site": "init-to-winit"
    },
    "version": "projects/945273943083/sites/init-to-winit/versions/f65ae0f5c6087c95"
  }
]
[info] i  hosting[init-to-winit]: finalizing version... 
[debug] [2024-02-14T05:52:32.208Z] >>> [apiv2][query] PATCH https://firebasehosting.googleapis.com/v1beta1/projects/-/sites/init-to-winit/versions/f65ae0f5c6087c95 updateMask=status%2Cconfig
[debug] [2024-02-14T05:52:32.208Z] >>> [apiv2][body] PATCH https://firebasehosting.googleapis.com/v1beta1/projects/-/sites/init-to-winit/versions/f65ae0f5c6087c95 {"status":"FINALIZED","config":{"rewrites":[{"glob":"**","path":"/index.html"}]}}
[debug] [2024-02-14T05:52:40.523Z] <<< [apiv2][status] PATCH https://firebasehosting.googleapis.com/v1beta1/projects/-/sites/init-to-winit/versions/f65ae0f5c6087c95 200
[debug] [2024-02-14T05:52:40.523Z] <<< [apiv2][body] PATCH https://firebasehosting.googleapis.com/v1beta1/projects/-/sites/init-to-winit/versions/f65ae0f5c6087c95 {"name":"projects/945273943083/sites/init-to-winit/versions/f65ae0f5c6087c95","status":"FINALIZED","config":{"rewrites":[{"glob":"**","path":"/index.html"}]},"labels":{"deployment-tool":"cli-firebase"},"createTime":"2024-02-14T05:52:25.324194Z","createUser":{"email":"22pa1a05a2@vishnu.edu.in"},"finalizeTime":"2024-02-14T05:52:38.098894Z","finalizeUser":{"email":"22pa1a05a2@vishnu.edu.in"}}
[debug] [2024-02-14T05:52:40.523Z] [hosting] finalized version for init-to-winit:[object Object]
[info] +  hosting[init-to-winit]: version finalized 
[info] i  hosting[init-to-winit]: releasing new version... 
[debug] [2024-02-14T05:52:40.524Z] >>> [apiv2][query] POST https://firebasehosting.googleapis.com/v1beta1/projects/-/sites/init-to-winit/channels/live/releases versionName=projects%2F945273943083%2Fsites%2Finit-to-winit%2Fversions%2Ff65ae0f5c6087c95
[debug] [2024-02-14T05:52:40.524Z] >>> [apiv2][body] POST https://firebasehosting.googleapis.com/v1beta1/projects/-/sites/init-to-winit/channels/live/releases {}
[debug] [2024-02-14T05:52:43.451Z] <<< [apiv2][status] POST https://firebasehosting.googleapis.com/v1beta1/projects/-/sites/init-to-winit/channels/live/releases 200
[debug] [2024-02-14T05:52:43.451Z] <<< [apiv2][body] POST https://firebasehosting.googleapis.com/v1beta1/projects/-/sites/init-to-winit/channels/live/releases {"name":"projects/945273943083/sites/init-to-winit/channels/live/releases/1707889960423000","version":{"name":"projects/945273943083/sites/init-to-winit/versions/f65ae0f5c6087c95","status":"FINALIZED","config":{"rewrites":[{"glob":"**","path":"/index.html"}]},"labels":{"deployment-tool":"cli-firebase"},"createTime":"2024-02-14T05:52:25.324194Z","createUser":{"email":"22pa1a05a2@vishnu.edu.in","imageUrl":"https://lh3.googleusercontent.com/a/ACg8ocI4Ay0GM016NXM3dh7xaN0i9QKEWtYoHtiGEkHgmjQg=mo"},"finalizeTime":"2024-02-14T05:52:38.098894Z","finalizeUser":{"email":"22pa1a05a2@vishnu.edu.in","imageUrl":"https://lh3.googleusercontent.com/a/ACg8ocI4Ay0GM016NXM3dh7xaN0i9QKEWtYoHtiGEkHgmjQg=mo"}},"type":"DEPLOY","releaseTime":"2024-02-14T05:52:40.423Z","releaseUser":{"email":"22pa1a05a2@vishnu.edu.in","imageUrl":"https://lh3.googleusercontent.com/a/ACg8ocI4Ay0GM016NXM3dh7xaN0i9QKEWtYoHtiGEkHgmjQg=mo"}}
[debug] [2024-02-14T05:52:43.451Z] [hosting] release: {"name":"projects/945273943083/sites/init-to-winit/channels/live/releases/1707889960423000","version":{"name":"projects/945273943083/sites/init-to-winit/versions/f65ae0f5c6087c95","status":"FINALIZED","config":{"rewrites":[{"glob":"**","path":"/index.html"}]},"labels":{"deployment-tool":"cli-firebase"},"createTime":"2024-02-14T05:52:25.324194Z","createUser":{"email":"22pa1a05a2@vishnu.edu.in","imageUrl":"https://lh3.googleusercontent.com/a/ACg8ocI4Ay0GM016NXM3dh7xaN0i9QKEWtYoHtiGEkHgmjQg=mo"},"finalizeTime":"2024-02-14T05:52:38.098894Z","finalizeUser":{"email":"22pa1a05a2@vishnu.edu.in","imageUrl":"https://lh3.googleusercontent.com/a/ACg8ocI4Ay0GM016NXM3dh7xaN0i9QKEWtYoHtiGEkHgmjQg=mo"}},"type":"DEPLOY","releaseTime":"2024-02-14T05:52:40.423Z","releaseUser":{"email":"22pa1a05a2@vishnu.edu.in","imageUrl":"https://lh3.googleusercontent.com/a/ACg8ocI4Ay0GM016NXM3dh7xaN0i9QKEWtYoHtiGEkHgmjQg=mo"}}
[info] +  hosting[init-to-winit]: release complete 
[info] 
[info] +  Deploy complete! 
[info] 
[info] Project Console: https://console.firebase.google.com/project/init-to-winit/overview
[info] Hosting URL: https://init-to-winit.web.app
[debug] [2024-02-14T05:52:55.964Z] Error: Timed out.
    at Timeout._onTimeout (C:\Users\venka\AppData\Roaming\npm\node_modules\firebase-tools\lib\utils.js:258:49)
    at listOnTimeout (node:internal/timers:573:17)
    at process.processTimers (node:internal/timers:514:7)
[error] 
[error] Error: An unexpected error has occurred.
